<?xml version="1.0" encoding="UTF-8"?>
<!-- Generated by org.testng.reporters.JUnitXMLReporter -->
<testsuite hostname="DESKTOP-AQF6POO" ignored="0" name="Default test" tests="3" failures="0" timestamp="05 Jun 2019 07:24:20 GMT" time="28.422" errors="0">
  <testcase name="restaurantsearch" time="7.541" classname="insightglobal.Help"/>
  <testcase name="search" time="18.972" classname="insightglobal.Help"/>
  <testcase name="login" time="1.118" classname="insightglobal.Help"/>
</testsuite> <!-- Default test -->
