<?xml version="1.0" encoding="UTF-8"?>
<!-- Generated by org.testng.reporters.JUnitXMLReporter -->
<testsuite hostname="DESKTOP-AQF6POO" ignored="0" name="Test" tests="8" failures="0" timestamp="05 Jun 2019 07:28:22 GMT" time="74.084" errors="0">
  <testcase name="restaurantsearch" time="15.479" classname="insightglobal.Help"/>
  <testcase name="restaurantsearch" time="4.923" classname="insightglobal.NewTest"/>
  <testcase name="restaurantsearch" time="6.134" classname="insightglobal.CheckLogin"/>
  <testcase name="search" time="13.025" classname="insightglobal.NewTest"/>
  <testcase name="search" time="11.901" classname="insightglobal.Help"/>
  <testcase name="search" time="17.903" classname="insightglobal.CheckLogin"/>
  <testcase name="login" time="1.377" classname="insightglobal.Help"/>
  <testcase name="login" time="1.034" classname="insightglobal.CheckLogin"/>
</testsuite> <!-- Test -->
