<?xml version="1.0" encoding="UTF-8"?>
<testng-results skipped="0" failed="0" ignored="0" total="8" passed="8">
  <reporter-output>
  </reporter-output>
  <suite name="Suite" duration-ms="74084" started-at="2019-06-05T07:27:07Z" finished-at="2019-06-05T07:28:22Z">
    <groups>
    </groups>
    <test name="Test" duration-ms="74084" started-at="2019-06-05T07:27:07Z" finished-at="2019-06-05T07:28:22Z">
      <class name="insightglobal.NewTest">
        <test-method status="PASS" signature="restaurantsearch()[pri:1, instance:insightglobal.NewTest@7e3181aa]" name="restaurantsearch" duration-ms="4923" started-at="2019-06-05T07:27:23Z" finished-at="2019-06-05T07:27:28Z">
          <reporter-output>
          </reporter-output>
        </test-method> <!-- restaurantsearch -->
        <test-method status="PASS" signature="search()[pri:2, instance:insightglobal.NewTest@7e3181aa]" name="search" duration-ms="13025" started-at="2019-06-05T07:27:34Z" finished-at="2019-06-05T07:27:47Z">
          <reporter-output>
          </reporter-output>
        </test-method> <!-- search -->
      </class> <!-- insightglobal.NewTest -->
      <class name="insightglobal.CheckLogin">
        <test-method status="PASS" signature="restaurantsearch()[pri:1, instance:insightglobal.CheckLogin@253d9f73]" name="restaurantsearch" duration-ms="6134" started-at="2019-06-05T07:27:28Z" finished-at="2019-06-05T07:27:34Z">
          <reporter-output>
          </reporter-output>
        </test-method> <!-- restaurantsearch -->
        <test-method status="PASS" signature="search()[pri:2, instance:insightglobal.CheckLogin@253d9f73]" name="search" duration-ms="17903" started-at="2019-06-05T07:27:59Z" finished-at="2019-06-05T07:28:17Z">
          <reporter-output>
          </reporter-output>
        </test-method> <!-- search -->
        <test-method status="PASS" signature="login()[pri:3, instance:insightglobal.CheckLogin@253d9f73]" name="login" duration-ms="1034" started-at="2019-06-05T07:28:18Z" finished-at="2019-06-05T07:28:19Z">
          <reporter-output>
          </reporter-output>
        </test-method> <!-- login -->
        <test-method status="PASS" signature="afterTest()[pri:0, instance:insightglobal.CheckLogin@253d9f73]" name="afterTest" is-config="true" duration-ms="888" started-at="2019-06-05T07:28:19Z" finished-at="2019-06-05T07:28:20Z">
          <reporter-output>
          </reporter-output>
        </test-method> <!-- afterTest -->
        <test-method status="PASS" signature="afterTest()[pri:0, instance:insightglobal.Help@2250b9f2]" name="afterTest" is-config="true" duration-ms="711" started-at="2019-06-05T07:28:20Z" finished-at="2019-06-05T07:28:21Z">
          <reporter-output>
          </reporter-output>
        </test-method> <!-- afterTest -->
        <test-method status="PASS" signature="afterTest()[pri:0, instance:insightglobal.NewTest@7e3181aa]" name="afterTest" is-config="true" duration-ms="660" started-at="2019-06-05T07:28:21Z" finished-at="2019-06-05T07:28:22Z">
          <reporter-output>
          </reporter-output>
        </test-method> <!-- afterTest -->
      </class> <!-- insightglobal.CheckLogin -->
      <class name="insightglobal.Help">
        <test-method status="PASS" signature="restaurantsearch()[pri:1, instance:insightglobal.Help@2250b9f2]" name="restaurantsearch" duration-ms="15479" started-at="2019-06-05T07:27:07Z" finished-at="2019-06-05T07:27:23Z">
          <reporter-output>
          </reporter-output>
        </test-method> <!-- restaurantsearch -->
        <test-method status="PASS" signature="search()[pri:2, instance:insightglobal.Help@2250b9f2]" name="search" duration-ms="11901" started-at="2019-06-05T07:27:47Z" finished-at="2019-06-05T07:27:59Z">
          <reporter-output>
          </reporter-output>
        </test-method> <!-- search -->
        <test-method status="PASS" signature="login()[pri:3, instance:insightglobal.Help@2250b9f2]" name="login" duration-ms="1377" started-at="2019-06-05T07:28:17Z" finished-at="2019-06-05T07:28:18Z">
          <reporter-output>
          </reporter-output>
        </test-method> <!-- login -->
      </class> <!-- insightglobal.Help -->
    </test> <!-- Test -->
  </suite> <!-- Suite -->
</testng-results>
